<?xml version="1.0" encoding="UTF-8"?>
<!-- Generated by org.testng.reporters.JUnitReportReporter -->
<testsuite hostname="DESKTOP-APDGIAT" failures="0" tests="2" name="day2.Depends" time="0.027" errors="0" timestamp="10 Aug 2024 06:22:07 GMT" skipped="0">
  <testcase classname="day2.Depends" name="Login" time="0.005"/>
  <testcase classname="day2.Depends" name="Register" time="0.022"/>
</testsuite> <!-- day2.Depends -->
