<?xml version="1.0" encoding="UTF-8"?>
<!-- Generated by org.testng.reporters.JUnitReportReporter -->
<testsuite hostname="DESKTOP-APDGIAT" failures="0" tests="1" name="priyyanka.Automate" time="6.023" errors="0" timestamp="17 Aug 2024 10:43:35 GMT" skipped="0">
  <testcase classname="priyyanka.Automate" name="open" time="6.023"/>
</testsuite> <!-- priyyanka.Automate -->
