<?xml version="1.0" encoding="UTF-8"?>
<!-- Generated by org.testng.reporters.JUnitReportReporter -->
<testsuite hostname="DESKTOP-APDGIAT" failures="0" tests="7" name="getdatafromexcel.GetData" time="10.593" errors="0" timestamp="22 Aug 2024 08:54:33 GMT" skipped="0">
  <testcase classname="getdatafromexcel.GetData" name="Getdata" time="1.253"/>
  <testcase classname="getdatafromexcel.GetData" name="Getdata" time="2.418"/>
  <testcase classname="getdatafromexcel.GetData" name="Getdata" time="1.181"/>
  <testcase classname="getdatafromexcel.GetData" name="Getdata" time="1.234"/>
  <testcase classname="getdatafromexcel.GetData" name="Getdata" time="1.268"/>
  <testcase classname="getdatafromexcel.GetData" name="Getdata" time="1.814"/>
  <testcase classname="getdatafromexcel.GetData" name="Getdata" time="1.425"/>
</testsuite> <!-- getdatafromexcel.GetData -->
