<?xml version="1.0" encoding="UTF-8"?>
<!-- Generated by org.testng.reporters.JUnitReportReporter -->
<testsuite hostname="DESKTOP-APDGIAT" failures="0" tests="1" name="masterpage.FirstPage" time="2.270" errors="0" timestamp="10 Aug 2024 06:53:33 GMT" skipped="0">
  <testcase classname="masterpage.FirstPage" name="click_on_signup" time="2.270"/>
</testsuite> <!-- masterpage.FirstPage -->
