<?xml version="1.0" encoding="UTF-8"?>
<!-- Generated by org.testng.reporters.JUnitReportReporter -->
<testsuite hostname="DESKTOP-APDGIAT" failures="0" tests="1" name="day1.Openpage" time="7.475" errors="0" timestamp="18 Aug 2024 09:14:33 GMT" skipped="0">
  <testcase classname="day1.Openpage" name="OpenWebpage" time="7.475"/>
</testsuite> <!-- day1.Openpage -->
