<?xml version="1.0" encoding="UTF-8"?>
<!-- Generated by org.testng.reporters.JUnitReportReporter -->
<testsuite hostname="DESKTOP-APDGIAT" failures="0" tests="2" name="day2.Custom" time="0.019" errors="0" timestamp="10 Aug 2024 06:32:43 GMT" skipped="0">
  <testcase classname="day2.Custom" name="A" time="0.016"/>
  <testcase classname="day2.Custom" name="B" time="0.003"/>
</testsuite> <!-- day2.Custom -->
