<?xml version="1.0" encoding="UTF-8"?>
<!-- Generated by org.testng.reporters.JUnitReportReporter -->
<testsuite hostname="DESKTOP-APDGIAT" failures="0" tests="3" name="day3.CBT" time="61.528" errors="0" timestamp="2024-08-29T10:12:32 IST" skipped="0">
  <testcase classname="day3.CBT" name="Open_Web_Browser" time="10.655"/>
  <testcase classname="day3.CBT" name="Open_Web_Browser" time="40.461"/>
  <testcase classname="day3.CBT" name="Open_Web_Browser" time="10.412"/>
</testsuite> <!-- day3.CBT -->
