<?xml version="1.0" encoding="UTF-8"?>
<!-- Generated by org.testng.reporters.JUnitReportReporter -->
<testsuite hostname="DESKTOP-APDGIAT" failures="0" tests="4" name="day2.OpenPage" time="0.038" errors="0" timestamp="10 Aug 2024 06:19:38 GMT" skipped="1">
  <testcase classname="day2.OpenPage" name="Index" time="0.028"/>
  <testcase classname="day2.OpenPage" name="Register" time="0.007"/>
  <testcase classname="day2.OpenPage" name="Login" time="0.003"/>
  <testcase classname="day2.OpenPage" name="Button">
    <skipped/>
  </testcase> <!-- Button -->
</testsuite> <!-- day2.OpenPage -->
